 Moves done on  Wed Nov 29 15:14:27 EST 2006  filename: 
 File was renamed on Destination Server to:  112906+_+151426+_+
 Host Directory moved to : 
=====================================================

 Moves done on  Wed Nov 29 15:14:33 EST 2006  filename:  arsup930.sb
 File was renamed on Destination Server to:  112906+_+151432+_+arsup930.sb
 Host Directory moved to :  /data/lebins/lib7
=====================================================

 Moves done on  Wed Nov 29 15:14:38 EST 2006  filename:  arsup930.sb
 File was renamed on Destination Server to:  112906+_+151438+_+arsup930.sb
 Host Directory moved to :  /data/test/lib7
=====================================================

 Moves done on  Wed Nov 29 15:14:42 EST 2006  filename:  arsup930.sb
 File was renamed on Destination Server to:  112906+_+151442+_+arsup930.sb
 Host Directory moved to : 
=====================================================

 Moves done on  Wed Nov 29 15:14:47 EST 2006  filename:  arsup930.sb
 File was renamed on Destination Server to:  112906+_+151446+_+arsup930.sb
 Host Directory moved to :  /data/debug/lib7
=====================================================

